

*******************************************************************************
Tue Dec 19 12:41:01 2017


FIT:    data read from 'series.dat'
        format = z
        #datapoints = 230
        residuals are weighted equally (unit weight)

function used for fitting: f(x)
	f(x) = a*x + b
BREAK: Need via and either parameter list or file

*******************************************************************************
Tue Dec 19 12:44:24 2017


FIT:    data read from 'series.dat'
        format = z
        #datapoints = 230
        residuals are weighted equally (unit weight)

function used for fitting: f(x)
	f(x) = a*x + b
fitted parameters initialized with current variable values

iter      chisq       delta/lim  lambda   a             b            
   0 3.6791291466e+06   0.00e+00  9.36e+01    1.000000e+00   1.000000e+00
   4 3.8898428362e+02  -6.94e-01  9.36e-03    4.953522e-02   2.281120e-01

After 4 iterations the fit converged.
final sum of squares of residuals : 388.984
rel. change during last iteration : -6.93919e-06

degrees of freedom    (FIT_NDF)                        : 228
rms of residuals      (FIT_STDFIT) = sqrt(WSSR/ndf)    : 1.30617
variance of residuals (reduced chisquare) = WSSR/ndf   : 1.70607

Final set of parameters            Asymptotic Standard Error
=======================            ==========================
a               = 0.0495352        +/- 0.001297     (2.619%)
b               = 0.228112         +/- 0.1717       (75.27%)

correlation matrix of the fit parameters:
                a      b      
a               1.000 
b              -0.865  1.000 


*******************************************************************************
Tue Dec 19 12:45:08 2017


FIT:    data read from 'series.dat'
        format = z
        #datapoints = 230
        residuals are weighted equally (unit weight)

function used for fitting: f(x)
	f(x) = a*x + b
fitted parameters initialized with current variable values

iter      chisq       delta/lim  lambda   a             b            
   0 3.8898428362e+02   0.00e+00  4.64e+00    4.953522e-02   2.281120e-01
   1 3.8898428362e+02  -3.65e-08  4.64e-01    4.953522e-02   2.281118e-01

After 1 iterations the fit converged.
final sum of squares of residuals : 388.984
rel. change during last iteration : -3.65332e-14

degrees of freedom    (FIT_NDF)                        : 228
rms of residuals      (FIT_STDFIT) = sqrt(WSSR/ndf)    : 1.30617
variance of residuals (reduced chisquare) = WSSR/ndf   : 1.70607

Final set of parameters            Asymptotic Standard Error
=======================            ==========================
a               = 0.0495352        +/- 0.001297     (2.619%)
b               = 0.228112         +/- 0.1717       (75.27%)

correlation matrix of the fit parameters:
                a      b      
a               1.000 
b              -0.865  1.000 


*******************************************************************************
Tue Dec 19 12:46:31 2017


FIT:    data read from 'series.dat'
        format = z
        #datapoints = 230
        residuals are weighted equally (unit weight)

function used for fitting: f(x)
	f(x) = a*x + b
fitted parameters initialized with current variable values

iter      chisq       delta/lim  lambda   a             b            
   0 3.6796241163e+06   0.00e+00  9.36e+01    1.000000e+00   1.000000e+00
   5 3.6206150020e+02  -2.70e-07  9.36e-04    5.076141e-02   3.053077e-02

After 5 iterations the fit converged.
final sum of squares of residuals : 362.062
rel. change during last iteration : -2.70196e-13

degrees of freedom    (FIT_NDF)                        : 228
rms of residuals      (FIT_STDFIT) = sqrt(WSSR/ndf)    : 1.26015
variance of residuals (reduced chisquare) = WSSR/ndf   : 1.58799

Final set of parameters            Asymptotic Standard Error
=======================            ==========================
a               = 0.0507614        +/- 0.001251     (2.465%)
b               = 0.0305308        +/- 0.1656       (542.5%)

correlation matrix of the fit parameters:
                a      b      
a               1.000 
b              -0.865  1.000 


*******************************************************************************
Tue Dec 19 13:49:18 2017


FIT:    data read from 'series.dat'
        format = z
        #datapoints = 230
        residuals are weighted equally (unit weight)

function used for fitting: f(x)
	f(x) = a*x + b
fitted parameters initialized with current variable values

iter      chisq       delta/lim  lambda   a             b            
   0 3.4095680425e+05   0.00e+00  2.81e+01    1.000000e+00   1.000000e+00
   4 4.2793501879e+02  -1.78e-03  2.81e-03    4.785971e-02   2.264000e-01

After 4 iterations the fit converged.
final sum of squares of residuals : 427.935
rel. change during last iteration : -1.77507e-09

degrees of freedom    (FIT_NDF)                        : 228
rms of residuals      (FIT_STDFIT) = sqrt(WSSR/ndf)    : 1.37
variance of residuals (reduced chisquare) = WSSR/ndf   : 1.87691

Final set of parameters            Asymptotic Standard Error
=======================            ==========================
a               = 0.0478597        +/- 0.004535     (9.476%)
b               = 0.2264           +/- 0.1801       (79.54%)

correlation matrix of the fit parameters:
                a      b      
a               1.000 
b              -0.865  1.000 


*******************************************************************************
Tue Dec 19 13:53:33 2017


FIT:    data read from 'series.dat'
        format = z
        #datapoints = 530
        residuals are weighted equally (unit weight)

function used for fitting: f(x)
	f(x) = a*x + b
fitted parameters initialized with current variable values

iter      chisq       delta/lim  lambda   a             b            
   0 4.0899710297e+06   0.00e+00  6.48e+01    1.000000e+00   1.000000e+00
   4 8.6519260301e+02  -4.72e-02  6.48e-03    4.902419e-02   2.362442e-01

After 4 iterations the fit converged.
final sum of squares of residuals : 865.193
rel. change during last iteration : -4.71687e-08

degrees of freedom    (FIT_NDF)                        : 528
rms of residuals      (FIT_STDFIT) = sqrt(WSSR/ndf)    : 1.28009
variance of residuals (reduced chisquare) = WSSR/ndf   : 1.63862

Final set of parameters            Asymptotic Standard Error
=======================            ==========================
a               = 0.0490242        +/- 0.001211     (2.471%)
b               = 0.236244         +/- 0.111        (47.01%)

correlation matrix of the fit parameters:
                a      b      
a               1.000 
b              -0.866  1.000 
